Active-HDL 15.0.261.9132 2025-05-01 19:54:11

Elaboration top modules:
Architecture                  Behavioral(Memory)


--------------------------------------------------------------------------------------------------------------
Entity   | Architecture | Library                    | Info | Compiler Version          | Compilation Options
--------------------------------------------------------------------------------------------------------------
Memory   | Behavioral   | mips_processor_code_32_bit |      | 15.0.261.9132 (Windows64) | -O3
--------------------------------------------------------------------------------------------------------------

--------------------------------------------------------------------------------------------------------------
VHDL Package            | Library                    | Info | Compiler Version          | Compilation Options
--------------------------------------------------------------------------------------------------------------
standard                | std                        |      |                           | <unavailable>
TEXTIO                  | std                        |      | 15.0.261.9132 (Windows64) |  -2019
std_logic_1164          | ieee                       |      | 15.0.261.9132 (Windows64) |  -2008
NUMERIC_STD             | ieee                       |      | 15.0.261.9132 (Windows64) |  -2008
--------------------------------------------------------------------------------------------------------------

-----------------------------------------------------------------------------------------------------------------
Library                    | Comment
-----------------------------------------------------------------------------------------------------------------
ieee                       | Standard IEEE packages library
mips_processor_code_32_bit | None
std                        | Standard VHDL library
-----------------------------------------------------------------------------------------------------------------
